<?xml version="1.0" encoding="UTF-8"?>
<!-- Generated by org.testng.reporters.JUnitXMLReporter -->
<testsuite ignored="1" hostname="LAPTOP-NO7ESUVE" failures="0" tests="5" name="Login Page Test" time="26.214" errors="0" timestamp="2025-10-26T18:15:19 EDT">
  <testcase classname="com.qa.opencart.tests.LoginPageTest" name="forgotPwdLinkExistTest" time="0.094"/>
  <testcase classname="com.qa.opencart.tests.LoginPageTest" name="loginPageTitleTest" time="0.04"/>
  <testcase classname="com.qa.opencart.tests.LoginPageTest" name="loginPageURLTest" time="0.024"/>
  <testcase classname="com.qa.opencart.tests.LoginPageTest" name="logoExistTest" time="0.035"/>
  <testcase classname="com.qa.opencart.tests.LoginPageTest" name="loginTest" time="0.999"/>
  <testcase classname="com.qa.opencart.tests.LoginPageTest" name="naveentest" time="0.0">
    <ignored/>
  </testcase> <!-- naveentest -->
</testsuite> <!-- Login Page Test -->
