<?xml version="1.0" encoding="UTF-8"?>
<!-- Generated by org.testng.reporters.JUnitXMLReporter -->
<testsuite ignored="5" hostname="LAPTOP-NO7ESUVE" failures="0" tests="1" name="Default test" time="18.511" errors="0" timestamp="2025-03-10T16:37:56 EDT">
  <testcase classname="com.qa.opencart.tests.LoginPageTest" name="loginPageURLTest" time="0.111"/>
  <testcase classname="com.qa.opencart.tests.LoginPageTest" name="naveentest" time="0.0">
    <ignored/>
  </testcase> <!-- naveentest -->
  <testcase classname="com.qa.opencart.tests.LoginPageTest" name="forgotPwdLinkExistTest" time="0.0">
    <ignored/>
  </testcase> <!-- forgotPwdLinkExistTest -->
  <testcase classname="com.qa.opencart.tests.LoginPageTest" name="loginTest" time="0.0">
    <ignored/>
  </testcase> <!-- loginTest -->
  <testcase classname="com.qa.opencart.tests.LoginPageTest" name="loginPageTitleTest" time="0.0">
    <ignored/>
  </testcase> <!-- loginPageTitleTest -->
  <testcase classname="com.qa.opencart.tests.LoginPageTest" name="logoExistTest" time="0.0">
    <ignored/>
  </testcase> <!-- logoExistTest -->
</testsuite> <!-- Default test -->
