<?xml version="1.0" encoding="UTF-8"?>
<testng-results ignored="5" total="6" passed="1" failed="0" skipped="0">
  <reporter-output>
  </reporter-output>
  <suite started-at="2025-03-10T16:37:37 EDT" name="Default suite" finished-at="2025-03-10T16:37:55 EDT" duration-ms="18511">
    <groups>
    </groups>
    <test started-at="2025-03-10T16:37:37 EDT" name="Default test" finished-at="2025-03-10T16:37:55 EDT" duration-ms="18511">
      <class name="com.qa.opencart.tests.LoginPageTest">
        <test-method is-config="true" signature="setup(java.lang.String,java.lang.String,java.lang.String)[pri:0, instance:com.qa.opencart.tests.LoginPageTest@64fc097e]" started-at="2025-03-10T16:37:37 EDT" name="setup" finished-at="2025-03-10T16:37:55 EDT" duration-ms="17344" status="PASS">
          <params>
            <param index="0">
              <value is-null="true"/>
            </param>
            <param index="1">
              <value is-null="true"/>
            </param>
            <param index="2">
              <value is-null="true"/>
            </param>
          </params>
          <reporter-output>
          </reporter-output>
        </test-method> <!-- setup -->
        <test-method signature="loginPageURLTest()[pri:0, instance:com.qa.opencart.tests.LoginPageTest@64fc097e]" started-at="2025-03-10T16:37:55 EDT" name="loginPageURLTest" finished-at="2025-03-10T16:37:55 EDT" duration-ms="111" status="PASS">
          <reporter-output>
          </reporter-output>
        </test-method> <!-- loginPageURLTest -->
        <test-method is-config="true" signature="tearDown()[pri:0, instance:com.qa.opencart.tests.LoginPageTest@64fc097e]" started-at="2025-03-10T16:37:55 EDT" name="tearDown" finished-at="2025-03-10T16:37:55 EDT" duration-ms="474" status="PASS">
          <reporter-output>
          </reporter-output>
        </test-method> <!-- tearDown -->
      </class> <!-- com.qa.opencart.tests.LoginPageTest -->
    </test> <!-- Default test -->
  </suite> <!-- Default suite -->
</testng-results>
