<?xml version="1.0" encoding="UTF-8"?>
<testng-results ignored="1" total="6" passed="5" failed="0" skipped="0">
  <reporter-output>
  </reporter-output>
  <suite started-at="2025-10-26T18:14:53 EDT" name="Opencart App Test Regression Suite" finished-at="2025-10-26T18:15:19 EDT" duration-ms="26214">
    <groups>
    </groups>
    <test started-at="2025-10-26T18:14:53 EDT" name="Login Page Test" finished-at="2025-10-26T18:15:19 EDT" duration-ms="26214">
      <class name="com.qa.opencart.tests.LoginPageTest">
        <test-method is-config="true" signature="setup(java.lang.String,java.lang.String,java.lang.String)[pri:0, instance:com.qa.opencart.tests.LoginPageTest@1015a4b9]" started-at="2025-10-26T18:14:53 EDT" name="setup" finished-at="2025-10-26T18:15:17 EDT" duration-ms="23529" status="PASS">
          <params>
            <param index="0">
              <value>
                <![CDATA[chrome]]>
              </value>
            </param>
            <param index="1">
              <value>
                <![CDATA[126.0]]>
              </value>
            </param>
            <param index="2">
              <value>
                <![CDATA[Login Page Test]]>
              </value>
            </param>
          </params>
          <reporter-output>
          </reporter-output>
        </test-method> <!-- setup -->
        <test-method signature="forgotPwdLinkExistTest()[pri:0, instance:com.qa.opencart.tests.LoginPageTest@1015a4b9]" started-at="2025-10-26T18:15:17 EDT" name="forgotPwdLinkExistTest" finished-at="2025-10-26T18:15:17 EDT" duration-ms="94" status="PASS">
          <reporter-output>
          </reporter-output>
        </test-method> <!-- forgotPwdLinkExistTest -->
        <test-method signature="loginPageTitleTest()[pri:0, instance:com.qa.opencart.tests.LoginPageTest@1015a4b9]" started-at="2025-10-26T18:15:17 EDT" name="loginPageTitleTest" finished-at="2025-10-26T18:15:17 EDT" duration-ms="40" status="PASS">
          <reporter-output>
          </reporter-output>
        </test-method> <!-- loginPageTitleTest -->
        <test-method signature="loginPageURLTest()[pri:0, instance:com.qa.opencart.tests.LoginPageTest@1015a4b9]" started-at="2025-10-26T18:15:17 EDT" name="loginPageURLTest" finished-at="2025-10-26T18:15:17 EDT" duration-ms="24" status="PASS">
          <reporter-output>
          </reporter-output>
        </test-method> <!-- loginPageURLTest -->
        <test-method signature="logoExistTest()[pri:0, instance:com.qa.opencart.tests.LoginPageTest@1015a4b9]" started-at="2025-10-26T18:15:17 EDT" name="logoExistTest" finished-at="2025-10-26T18:15:17 EDT" duration-ms="35" status="PASS">
          <reporter-output>
          </reporter-output>
        </test-method> <!-- logoExistTest -->
        <test-method signature="loginTest()[pri:2147483647, instance:com.qa.opencart.tests.LoginPageTest@1015a4b9]" started-at="2025-10-26T18:15:18 EDT" name="loginTest" finished-at="2025-10-26T18:15:19 EDT" duration-ms="999" status="PASS">
          <reporter-output>
          </reporter-output>
        </test-method> <!-- loginTest -->
        <test-method is-config="true" signature="tearDown()[pri:0, instance:com.qa.opencart.tests.LoginPageTest@1015a4b9]" started-at="2025-10-26T18:15:19 EDT" name="tearDown" finished-at="2025-10-26T18:15:19 EDT" duration-ms="207" status="PASS">
          <reporter-output>
          </reporter-output>
        </test-method> <!-- tearDown -->
      </class> <!-- com.qa.opencart.tests.LoginPageTest -->
    </test> <!-- Login Page Test -->
  </suite> <!-- Opencart App Test Regression Suite -->
</testng-results>
